  Ludo.cpp
C:\Users\User\OneDrive\Pulpit\Ludo\board&pawns.h(12,49): warning C4042: „color”: ma złą klasę magazynu
C:\Users\User\OneDrive\Pulpit\Ludo\Ludo.cpp(48,34): warning C4244: "argument": konwersja z "int" do "float", możliwa utrata danych
C:\Users\User\OneDrive\Pulpit\Ludo\Ludo.cpp(52,49): warning C4244: "argument": konwersja z "int" do "float", możliwa utrata danych
C:\Users\User\OneDrive\Pulpit\Ludo\Ludo.cpp(56,33): warning C4244: "argument": konwersja z "int" do "float", możliwa utrata danych
C:\Users\User\OneDrive\Pulpit\Ludo\Ludo.cpp(60,48): warning C4244: "argument": konwersja z "int" do "float", możliwa utrata danych
C:\Users\User\OneDrive\Pulpit\Ludo\Ludo.cpp(64,58): warning C4244: "argument": konwersja z "int" do "float", możliwa utrata danych
C:\Users\User\OneDrive\Pulpit\Ludo\Ludo.cpp(64,34): warning C4244: "argument": konwersja z "int" do "float", możliwa utrata danych
C:\Users\User\OneDrive\Pulpit\Ludo\Ludo.cpp(70,60): warning C4244: "argument": konwersja z "int" do "float", możliwa utrata danych
C:\Users\User\OneDrive\Pulpit\Ludo\Ludo.cpp(70,36): warning C4244: "argument": konwersja z "int" do "float", możliwa utrata danych
C:\Users\User\OneDrive\Pulpit\Ludo\Ludo.cpp(76,62): warning C4244: "argument": konwersja z "int" do "float", możliwa utrata danych
C:\Users\User\OneDrive\Pulpit\Ludo\Ludo.cpp(76,38): warning C4244: "argument": konwersja z "int" do "float", możliwa utrata danych
C:\Users\User\OneDrive\Pulpit\Ludo\Ludo.cpp(82,60): warning C4244: "argument": konwersja z "int" do "float", możliwa utrata danych
C:\Users\User\OneDrive\Pulpit\Ludo\Ludo.cpp(82,37): warning C4244: "argument": konwersja z "int" do "float", możliwa utrata danych
  Trwa generowanie kodu
  2 of 126 functions ( 1.6%) were compiled, the rest were copied from previous compilation.
    0 functions were new in current compilation
    0 functions had inline decision re-evaluated but remain unchanged
  Zakończono generowanie kodu
  Ludo.vcxproj -> C:\Users\User\OneDrive\Pulpit\Ludo\x64\Release\Ludo.exe
